2010-09-02 11:25:02,501 INFO Initializing.
2010-09-02 11:25:02,787 INFO Requested Restore
2010-09-02 11:25:02,787 INFO Requesting Location for: fakeGUID
2010-09-02 11:25:03,079 INFO Starting Download: 10m
2010-09-02 11:25:04,358 INFO Requested Restore
2010-09-02 11:25:04,358 INFO Requesting Location for: fakeGUID
2010-09-02 11:25:05,871 INFO Requested Restore
2010-09-02 11:25:05,872 INFO Requesting Location for: fakeGUID
2010-09-02 11:25:07,400 INFO Requested Restore
2010-09-02 11:25:07,401 INFO Requesting Location for: fakeGUID
2010-09-02 11:25:08,929 INFO Requested Restore
2010-09-02 11:25:08,929 INFO Requesting Location for: fakeGUID
2010-09-02 11:25:10,458 INFO Requested Restore
2010-09-02 11:25:10,459 INFO Requesting Location for: fakeGUID
2010-09-02 11:25:12,003 INFO Requested Restore
2010-09-02 11:25:12,003 INFO Requesting Location for: fakeGUID
2010-09-02 11:25:13,542 INFO Requested Restore
2010-09-02 11:25:13,543 INFO Requesting Location for: fakeGUID
2010-09-02 11:25:15,076 INFO Requested Restore
2010-09-02 11:25:15,076 INFO Requesting Location for: fakeGUID
2010-09-02 11:25:16,636 INFO Requested Restore
2010-09-02 11:25:16,636 INFO Requesting Location for: fakeGUID
2010-09-02 11:25:16,901 INFO Downloaded: '10m' 10485760 bytes -- Completed in: 13 seconds.
2010-09-02 11:25:18,165 INFO Requested Restore
2010-09-02 11:25:18,165 INFO Requesting Location for: fakeGUID
2010-09-02 11:25:18,435 INFO Failed: File '10m' already exists.
2010-09-02 11:25:19,709 INFO Requested Restore
2010-09-02 11:25:19,710 INFO Requesting Location for: fakeGUID
2010-09-02 11:25:19,978 INFO Failed: File '10m' already exists.
2010-09-02 11:25:21,254 INFO Requested Restore
2010-09-02 11:25:21,255 INFO Requesting Location for: fakeGUID
2010-09-02 11:25:21,537 INFO Failed: File '10m' already exists.
2010-09-02 11:25:22,814 INFO Requested Restore
2010-09-02 11:25:22,814 INFO Requesting Location for: fakeGUID
2010-09-02 11:25:23,083 INFO Failed: File '10m' already exists.
2010-09-02 11:25:24,358 INFO Requested Restore
2010-09-02 11:25:24,359 INFO Requesting Location for: fakeGUID
2010-09-02 11:25:24,632 INFO Failed: File '10m' already exists.
2010-09-02 11:25:25,903 INFO Requested Restore
2010-09-02 11:25:25,904 INFO Requesting Location for: fakeGUID
2010-09-02 11:25:26,172 INFO Failed: File '10m' already exists.
2010-09-02 11:25:27,448 INFO Requested Restore
2010-09-02 11:25:27,448 INFO Requesting Location for: fakeGUID
2010-09-02 11:25:27,718 INFO Failed: File '10m' already exists.
